<?xml version="1.0" encoding="UTF-8"?>
<!-- Generated by org.testng.reporters.JUnitReportReporter -->
<testsuite skipped="0" hostname="DESKTOP-G0V65SC" name="all.Suitdata" tests="3" failures="0" timestamp="25 Sep 2018 12:32:37 GMT" time="58.425" errors="0">
  <testcase name="search" time="20.867" classname="all.Suitdata"/>
  <testcase name="search" time="19.043" classname="all.Suitdata"/>
  <testcase name="search" time="18.515" classname="all.Suitdata"/>
</testsuite> <!-- all.Suitdata -->
