<?xml version="1.0" encoding="UTF-8"?>
<!-- Generated by org.testng.reporters.JUnitReportReporter -->
<testsuite skipped="0" hostname="DESKTOP-G0V65SC" name="all.Testclass" tests="3" failures="0" timestamp="23 Sep 2018 17:48:30 GMT" time="65.242" errors="0">
  <testcase name="search" time="25.284" classname="all.Testclass"/>
  <testcase name="search" time="19.889" classname="all.Testclass"/>
  <testcase name="search" time="20.069" classname="all.Testclass"/>
</testsuite> <!-- all.Testclass -->
