<?xml version="1.0" encoding="UTF-8"?>
<!-- Generated by org.testng.reporters.JUnitReportReporter -->
<testsuite skipped="0" hostname="DESKTOP-G0V65SC" name="all.Paralleltest" tests="6" failures="0" timestamp="25 Sep 2018 12:55:26 GMT" time="44.887" errors="0">
  <testcase name="launch" time="11.782" classname="all.Paralleltest"/>
  <testcase name="launch" time="15.583" classname="all.Paralleltest"/>
  <testcase name="search" time="8.450" classname="all.Paralleltest"/>
  <testcase name="search" time="5.076" classname="all.Paralleltest"/>
  <testcase name="close" time="1.671" classname="all.Paralleltest"/>
  <testcase name="close" time="2.325" classname="all.Paralleltest"/>
</testsuite> <!-- all.Paralleltest -->
