<?xml version="1.0" encoding="UTF-8"?>
<!-- Generated by org.testng.reporters.JUnitReportReporter -->
<testsuite skipped="0" hostname="DESKTOP-G0V65SC" name="all.NewTest" tests="3" failures="0" timestamp="24 Sep 2018 11:33:39 GMT" time="60.810" errors="0">
  <testcase name="search" time="19.170" classname="all.NewTest"/>
  <testcase name="search" time="22.781" classname="all.NewTest"/>
  <testcase name="search" time="18.859" classname="all.NewTest"/>
</testsuite> <!-- all.NewTest -->
